Found:  5 5
Found:  5 6
Found:  5 7
Found:  5 8
Found:  5 9
Found:  6 5
Found:  6 6
Found:  6 7
Found:  6 8
Found:  6 9
Found:  6 10
Found:  6 11
Found:  6 12
Found:  6 13
Found:  6 14
Found:  7 6
Found:  7 7
Found:  7 8
Found:  7 9
Found:  7 10
Found:  7 11
Found:  7 12
Found:  7 13
Found:  7 14
Found:  7 15
Found:  7 16
Found:  7 17
Found:  7 18
Found:  7 19
Found:  7 20
Found:  7 22
Found:  8 6
Found:  8 7
Found:  8 8
Found:  8 9
Found:  8 10
Found:  8 11
Found:  8 12
Found:  8 13
Found:  8 14
Found:  8 15
Found:  8 16
Found:  8 17
Found:  8 18
Found:  8 19
Found:  8 20
Found:  8 21
Found:  8 22
Found:  8 23
Found:  8 25
Found:  9 7
Found:  9 8
Found:  9 9
Found:  9 10
Found:  9 11
Found:  9 12
Found:  9 13
Found:  9 14
Found:  9 15
Found:  9 16
Found:  9 17
Found:  9 18
Found:  9 19
Found:  9 20
Found:  9 21
Found:  9 22
Found:  9 23
Found:  9 24
Found:  9 25
Found:  9 26
Found:  9 27
Found:  9 28
Found:  9 29
Found:  9 30
Found:  9 31
Found:  9 32
Found:  9 35
Found:  10 9
Found:  10 10
Found:  10 11
Found:  10 12
Found:  10 13
Found:  10 14
Found:  10 15
Found:  10 16
Found:  10 17
Found:  10 18
Found:  10 19
Found:  10 20
Found:  10 21
Found:  10 22
Found:  10 23
Found:  10 24
Found:  10 25
Found:  10 26
Found:  10 27
Found:  10 28
Found:  10 29
Found:  10 30
Found:  10 31
Found:  10 32
Found:  10 33
Found:  10 34
Found:  10 35
Found:  10 36
Found:  10 38
Found:  10 39
Found:  10 40
Found:  11 9
Found:  11 10
Found:  11 11
Found:  11 12
Found:  11 13
Found:  11 14
Found:  11 15
Found:  11 16
Found:  11 17
Found:  11 18
Found:  11 19
Found:  11 20
Found:  11 21
Found:  11 22
Found:  11 23
Found:  11 24
Found:  11 25
Found:  11 26
Found:  11 27
Found:  11 28
Found:  11 29
Found:  11 30
Found:  11 31
Found:  11 32
Found:  11 33
Found:  11 34
Found:  11 35
Found:  11 36
Found:  11 37
Found:  11 38
Found:  11 39
Found:  11 40
Found:  11 41
Found:  11 42
Found:  11 43
Found:  11 44
Found:  11 45
Found:  11 46
Found:  11 47
Found:  11 51
Found:  12 10
Found:  12 11
Found:  12 12
Found:  12 13
Found:  12 14
Found:  12 15
Found:  12 16
Found:  12 17
Found:  12 18
Found:  12 19
Found:  12 20
Found:  12 21
Found:  12 22
Found:  12 23
Found:  12 24
Found:  12 25
Found:  12 26
Found:  12 27
Found:  12 28
Found:  12 29
Found:  12 30
Found:  12 31
Found:  12 32
Found:  12 33
Found:  12 34
Found:  12 35
Found:  12 36
Found:  12 37
Found:  12 38
Found:  12 39
Found:  12 40
Found:  12 41
Found:  12 42
Found:  12 43
Found:  12 44
Found:  12 45
Found:  12 46
Found:  12 47
Found:  12 48
Found:  12 49
Found:  12 51
Found:  12 53
Found:  12 55
Found:  12 56
Found:  12 61
Found:  13 9
Found:  13 11
Found:  13 12
Found:  13 13
Found:  13 14
Found:  13 15
Found:  13 16
Found:  13 17
Found:  13 18
Found:  13 19
Found:  13 20
Found:  13 21
Found:  13 22
Found:  13 23
Found:  13 24
Found:  13 25
Found:  13 26
Found:  13 27
Found:  13 28
Found:  13 29
Found:  13 30
Found:  13 31
Found:  13 32
Found:  13 33
Found:  13 34
Found:  13 35
Found:  13 36
Found:  13 37
Found:  13 38
Found:  13 39
Found:  13 40
Found:  13 41
Found:  13 42
Found:  13 43
Found:  13 44
Found:  13 45
Found:  13 46
Found:  13 47
Found:  13 48
Found:  13 49
Found:  13 50
Found:  13 51
Found:  13 52
Found:  13 53
Found:  13 54
Found:  13 55
Found:  13 56
Found:  13 57
Found:  13 58
Found:  13 59
Found:  13 61
Found:  13 62
Found:  13 67
Found:  14 11
Found:  14 12
Found:  14 13
Found:  14 14
Found:  14 15
Found:  14 16
Found:  14 17
Found:  14 18
Found:  14 19
Found:  14 20
Found:  14 21
Found:  14 22
Found:  14 23
Found:  14 24
Found:  14 25
Found:  14 26
Found:  14 27
Found:  14 28
Found:  14 29
Found:  14 30
Found:  14 31
Found:  14 32
Found:  14 33
Found:  14 34
Found:  14 35
Found:  14 36
Found:  14 37
Found:  14 38
Found:  14 39
Found:  14 40
Found:  14 41
Found:  14 42
Found:  14 43
Found:  14 44
Found:  14 45
Found:  14 46
Found:  14 47
Found:  14 48
Found:  14 49
Found:  14 50
Found:  14 51
Found:  14 52
Found:  14 53
Found:  14 54
Found:  14 55
Found:  14 56
Found:  14 57
Found:  14 58
Found:  14 59
Found:  14 60
Found:  14 61
Found:  14 62
Found:  14 63
Found:  14 64
Found:  14 66
Found:  14 67
Found:  14 68
Found:  14 70
Found:  14 71
Found:  14 73
Found:  14 75
Found:  14 79
Found:  14 80
Found:  14 85
Found:  15 12
Found:  15 13
Found:  15 14
Found:  15 15
Found:  15 16
Found:  15 17
Found:  15 18
Found:  15 19
Found:  15 20
Found:  15 21
Found:  15 22
Found:  15 23
Found:  15 24
Found:  15 25
Found:  15 26
Found:  15 27
Found:  15 28
Found:  15 29
Found:  15 30
Found:  15 31
Found:  15 32
Found:  15 33
Found:  15 34
Found:  15 35
Found:  15 36
Found:  15 37
Found:  15 38
Found:  15 39
Found:  15 40
Found:  15 41
Found:  15 42
Found:  15 43
Found:  15 44
Found:  15 45
Found:  15 46
Found:  15 47
Found:  15 48
Found:  15 49
Found:  15 50
Found:  15 51
Found:  15 52
Found:  15 53
Found:  15 54
Found:  15 55
Found:  15 56
Found:  15 57
Found:  15 58
Found:  15 59
Found:  15 60
Found:  15 61
Found:  15 62
Found:  15 63
Found:  15 64
Found:  15 65
Found:  15 66
Found:  15 67
Found:  15 68
Found:  15 69
Found:  15 70
Found:  15 71
Found:  15 72
Found:  15 73
Found:  15 75
Found:  15 76
Found:  15 78
Found:  15 80
Found:  15 82
Found:  15 85
Found:  16 14
Found:  16 15
Found:  16 16
Found:  16 17
Found:  16 18
Found:  16 19
Found:  16 20
Found:  16 21
Found:  16 22
Found:  16 23
Found:  16 24
Found:  16 25
Found:  16 26
Found:  16 27
Found:  16 28
Found:  16 29
Found:  16 30
Found:  16 31
Found:  16 32
Found:  16 33
Found:  16 34
Found:  16 35
Found:  16 36
Found:  16 37
Found:  16 38
Found:  16 39
Found:  16 40
Found:  16 41
Found:  16 42
Found:  16 43
Found:  16 44
Found:  16 45
Found:  16 46
Found:  16 47
Found:  16 48
Found:  16 49
Found:  16 50
Found:  16 51
Found:  16 52
Found:  16 53
Found:  16 54
Found:  16 55
Found:  16 56
Found:  16 57
Found:  16 58
Found:  16 59
Found:  16 60
Found:  16 61
Found:  16 62
Found:  16 63
Found:  16 64
Found:  16 65
Found:  16 66
Found:  16 67
Found:  16 68
Found:  16 69
Found:  16 70
Found:  16 71
Found:  16 72
Found:  16 73
Found:  16 74
Found:  16 75
Found:  16 76
Found:  16 78
Found:  16 79
Found:  16 80
Found:  16 81
Found:  16 83
Found:  16 84
Found:  16 85
Found:  16 86
Found:  16 90
Found:  16 92
Found:  16 96
Found:  17 12
Found:  17 14
Found:  17 15
Found:  17 16
Found:  17 17
Found:  17 18
Found:  17 19
Found:  17 20
Found:  17 21
Found:  17 22
Found:  17 23
Found:  17 24
Found:  17 25
Found:  17 26
Found:  17 27
Found:  17 28
Found:  17 29
Found:  17 30
Found:  17 31
Found:  17 32
Found:  17 33
Found:  17 34
Found:  17 35
Found:  17 36
Found:  17 37
Found:  17 38
Found:  17 39
Found:  17 40
Found:  17 41
Found:  17 42
Found:  17 43
Found:  17 44
Found:  17 45
Found:  17 46
Found:  17 47
Found:  17 48
Found:  17 49
Found:  17 50
Found:  17 51
Found:  17 52
Found:  17 53
Found:  17 54
Found:  17 55
Found:  17 56
Found:  17 57
Found:  17 58
Found:  17 59
Found:  17 60
Found:  17 61
Found:  17 62
Found:  17 63
Found:  17 64
Found:  17 65
Found:  17 66
Found:  17 67
Found:  17 68
Found:  17 69
Found:  17 70
Found:  17 71
Found:  17 72
Found:  17 73
Found:  17 74
Found:  17 75
Found:  17 76
Found:  17 77
Found:  17 78
Found:  17 79
Found:  17 80
Found:  17 81
Found:  17 82
Found:  17 84
Found:  17 85
Found:  17 86
Found:  17 87
Found:  17 88
Found:  17 89
Found:  17 90
Found:  17 91
Found:  17 92
Found:  17 94
Found:  17 96
Found:  17 97
Found:  17 98
Found:  17 100
Found:  17 105
Found:  17 109
Found:  18 16
Found:  18 17
Found:  18 18
Found:  18 19
Found:  18 20
Found:  18 21
Found:  18 22
Found:  18 23
Found:  18 24
Found:  18 25
Found:  18 26
Found:  18 27
Found:  18 28
Found:  18 29
Found:  18 30
Found:  18 31
Found:  18 32
Found:  18 33
Found:  18 34
Found:  18 35
Found:  18 36
Found:  18 37
Found:  18 38
Found:  18 39
Found:  18 40
Found:  18 41
Found:  18 42
Found:  18 43
Found:  18 44
Found:  18 45
Found:  18 46
Found:  18 47
Found:  18 48
Found:  18 49
Found:  18 50
Found:  18 51
Found:  18 52
Found:  18 53
Found:  18 54
Found:  18 55
Found:  18 56
Found:  18 57
Found:  18 58
Found:  18 59
Found:  18 60
Found:  18 61
Found:  18 62
Found:  18 63
Found:  18 64
Found:  18 65
Found:  18 66
Found:  18 67
Found:  18 68
Found:  18 69
Fo